# Fichier de logs pour les erreurs du frontend
# Format: [date] [type] [message] [details]

[2025-07-28 18:05:12] [ERROR] [ChatbotPage.tsx] [Erreur lors de l'affichage du message : Type de message inconnu]
[2025-07-28 18:17:44] [WARNING] [ChatbotPage.tsx] [Tentative d'envoi d'un message vide]
[2025-07-28 19:03:27] [ERROR] [staticAnswers.ts] [Question non trouvée dans le mapping pour : "Quels sont les utilisateurs actifs ?"]
[2025-07-29 09:12:03] [ERROR] [staticAnswers.ts] [Question non trouvée dans le mapping pour : "Statistiques des actions des utilisateurs"]
[2025-07-29 09:12:45] [INFO] [ChatbotPage.tsx] [Conversation exportée avec succès]
[2025-07-29 09:13:10] [ERROR] [ChatbotPage.tsx] [Impossible de charger le composant Chatbot : ReferenceError: staticAnswers is not defined]
[2025-07-29 09:13:22] [WARNING] [ChatbotPage.tsx] [Tentative d'envoi d'un message vide]
[2025-07-29 09:14:10] [ERROR] [ChatbotPage.tsx] [Erreur lors de l'affichage du message : Type de message inconnu]
[2025-07-29 09:15:45] [INFO] [ChatbotPage.tsx] [Conversation exportée avec succès]
[2025-07-29 09:16:08] [ERROR] [ChatbotPage.tsx] [Impossible de charger le composant Chatbot : ReferenceError: staticAnswers is not defined]
[2025-07-29 09:17:30] [ERROR] [ChatbotPage.tsx] [Erreur lors du scroll automatique : messagesEndRef.current est null]
[2025-07-29 09:18:55] [WARNING] [ChatbotPage.tsx] [Aucune réponse trouvée pour la question : "Quels utilisateurs ont accédé à la base aujourd’hui ?"]
[2025-07-29 09:20:12] [ERROR] [ChatbotPage.tsx] [Erreur lors de l'affichage du message : Type de message inconnu]
[2025-07-29 09:21:45] [INFO] [ChatbotPage.tsx] [Conversation exportée avec succès]
[2025-07-29 09:22:30] [ERROR] [staticAnswers.ts] [Question non trouvée dans le mapping pour : "Quel est le nombre total de requêtes ?"]
[2025-07-29 09:23:15] [WARNING] [ChatbotPage.tsx] [Tentative d'envoi d'un message vide]
[2025-07-29 09:24:50] [ERROR] [ChatbotPage.tsx] [Erreur lors de l'affichage du message : Type de message inconnu]
[2025-07-29 09:26:05] [INFO] [ChatbotPage.tsx] [Conversation exportée avec succès]
[2025-07-29 09:27:20] [ERROR] [ChatbotPage.tsx] [Impossible de charger le composant Chatbot : ReferenceError: staticAnswers is not defined]
[2025-07-29 09:28:35] [ERROR] [ChatbotPage.tsx] [Erreur lors du scroll automatique : messagesEndRef.current est null]
[2025-07-29 09:30:00] [WARNING] [ChatbotPage.tsx] [Aucune réponse trouvée pour la question : "Quels sont les utilisateurs actifs ?"]
[2025-07-29 09:31:15] [ERROR] [ChatbotPage.tsx] [Erreur lors de l'affichage du message : Type de message inconnu]
[2025-07-29 09:32:40] [INFO] [ChatbotPage.tsx] [Conversation exportée avec succès][2025-07-31T16:50:12.337Z] [ERROR] [Chatbot] Erreur lors du traitement de la question {"error":{}}
