2025-07-31T23:27:42.647Z [MONGODB_CONNECT] Attempting connection to: mongodb://localhost:27017/test
2025-07-31T23:27:42.649Z [MONGODB_CONNECTED] Successfully connected to: mongodb://localhost:27017/test
2025-07-31T23:27:42.654Z [MONGODB_QUERY] Collection: audit_data - Operation: find - Query: {"DBUSERNAME":"datchemi"}
2025-07-31T23:27:42.655Z [MONGODB_RESULT] Collection: audit_data - Operation: find - Count: 5
2025-07-31T23:27:42.657Z [MONGODB_ERROR] [CONNECTION] Connexion MongoDB échouée
2025-08-01T04:41:48.066Z [MONGODB_CONNECT] Attempting connection to: mongodb://localhost:27017/audit_db
2025-08-01T04:41:48.178Z [MONGODB_CONNECTED] Successfully connected to: mongodb://localhost:27017/audit_db
2025-08-01T04:42:05.431Z [MONGODB_CONNECT] Attempting connection to: mongodb://localhost:27017/audit_db
2025-08-01T04:42:05.517Z [MONGODB_CONNECTED] Successfully connected to: mongodb://localhost:27017/audit_db
2025-08-01T04:43:25.334Z [MONGODB_CONNECT] Attempting connection to: mongodb://localhost:27017/audit_db
2025-08-01T04:43:25.409Z [MONGODB_CONNECTED] Successfully connected to: mongodb://localhost:27017/audit_db
2025-08-01T05:07:14.195Z [MONGODB_CONNECT] Attempting connection to: mongodb://localhost:27017/audit_db
2025-08-01T05:07:14.534Z [MONGODB_CONNECTED] Successfully connected to: mongodb://localhost:27017/audit_db
2025-08-01T05:11:30.692Z [MONGODB_QUERY] Collection: audit_data - Operation: find - Query: {}
2025-08-01T05:11:30.702Z [MONGODB_QUERY] Collection: audit_data - Operation: find - Query: {}
2025-08-01T05:11:30.711Z [MONGODB_RESULT] Collection: audit_data - Operation: find - Count: 3
2025-08-01T05:11:30.736Z [MONGODB_RESULT] Collection: audit_data - Operation: find - Count: 3
2025-08-01T05:59:35.603Z [MONGODB_CONNECT] Attempting connection to: mongodb://localhost:27017/audit_db
2025-08-01T05:59:35.688Z [MONGODB_CONNECTED] Successfully connected to: mongodb://localhost:27017/audit_db
2025-08-01T06:00:49.366Z [MONGODB_QUERY] Collection: audit_data - Operation: find - Query: {}
2025-08-01T06:00:49.412Z [MONGODB_RESULT] Collection: audit_data - Operation: find - Count: 3
2025-08-01T06:04:57.660Z [MONGODB_QUERY] Collection: audit_data - Operation: find - Query: {}
2025-08-01T06:04:57.673Z [MONGODB_QUERY] Collection: audit_data - Operation: find - Query: {}
2025-08-01T06:04:57.680Z [MONGODB_RESULT] Collection: audit_data - Operation: find - Count: 3
2025-08-01T06:04:57.713Z [MONGODB_RESULT] Collection: audit_data - Operation: find - Count: 3
2025-08-01T06:24:28.176Z [MONGODB_CONNECT] Attempting connection to: mongodb://localhost:27017/audit_db
2025-08-01T06:24:28.316Z [MONGODB_CONNECTED] Successfully connected to: mongodb://localhost:27017/audit_db
2025-08-01T06:26:14.181Z [MONGODB_QUERY] Collection: audit_data - Operation: find - Query: {}
2025-08-01T06:26:14.205Z [MONGODB_QUERY] Collection: audit_data - Operation: find - Query: {}
2025-08-01T06:26:14.251Z [MONGODB_RESULT] Collection: audit_data - Operation: find - Count: 3
2025-08-01T06:26:14.293Z [MONGODB_RESULT] Collection: audit_data - Operation: find - Count: 3
2025-08-01T06:27:28.126Z [MONGODB_QUERY] Collection: audit_data - Operation: find - Query: {}
2025-08-01T06:27:28.146Z [MONGODB_QUERY] Collection: audit_data - Operation: find - Query: {}
2025-08-01T06:27:28.152Z [MONGODB_RESULT] Collection: audit_data - Operation: find - Count: 3
2025-08-01T06:27:28.163Z [MONGODB_RESULT] Collection: audit_data - Operation: find - Count: 3
2025-08-01T09:26:18.118Z [MONGODB_CONNECT] Attempting connection to: mongodb://localhost:27017/audit_db
2025-08-01T09:26:18.352Z [MONGODB_CONNECTED] Successfully connected to: mongodb://localhost:27017/audit_db
2025-08-01T09:41:05.293Z [MONGODB_CONNECT] Attempting connection to: mongodb://localhost:27017/audit_db
2025-08-01T09:41:05.398Z [MONGODB_CONNECTED] Successfully connected to: mongodb://localhost:27017/audit_db
2025-08-01T09:42:12.009Z [MONGODB_QUERY] Collection: audit_data - Operation: find - Query: {}
2025-08-01T09:42:12.035Z [MONGODB_RESULT] Collection: audit_data - Operation: find - Count: 3
2025-08-01T09:43:14.884Z [MONGODB_QUERY] Collection: audit_data - Operation: find - Query: {}
2025-08-01T09:43:14.887Z [MONGODB_RESULT] Collection: audit_data - Operation: find - Count: 3
2025-08-01T09:46:44.926Z [MONGODB_QUERY] Collection: audit_data - Operation: find - Query: {}
2025-08-01T09:46:44.930Z [MONGODB_RESULT] Collection: audit_data - Operation: find - Count: 3
2025-08-01T09:46:54.154Z [MONGODB_QUERY] Collection: audit_data - Operation: find - Query: {}
2025-08-01T09:46:54.158Z [MONGODB_RESULT] Collection: audit_data - Operation: find - Count: 3
2025-08-01T09:46:54.165Z [MONGODB_QUERY] Collection: audit_data - Operation: find - Query: {}
2025-08-01T09:46:54.170Z [MONGODB_RESULT] Collection: audit_data - Operation: find - Count: 3
2025-08-01T10:01:49.585Z [MONGODB_CONNECT] Attempting connection to: mongodb://localhost:27017/auditdb
2025-08-01T10:01:49.652Z [MONGODB_CONNECTED] Successfully connected to: mongodb://localhost:27017/auditdb
2025-08-01T10:01:57.061Z [MONGODB_QUERY] Collection: actions_audit - Operation: find - Query: {}
2025-08-01T10:01:57.083Z [MONGODB_RESULT] Collection: audit_data - Operation: find - Count: 0
2025-08-01T10:02:11.424Z [MONGODB_QUERY] Collection: actions_audit - Operation: find - Query: {}
2025-08-01T10:02:11.429Z [MONGODB_RESULT] Collection: audit_data - Operation: find - Count: 0
2025-08-01T10:05:23.693Z [MONGODB_CONNECT] Attempting connection to: mongodb://localhost:27017/auditdb
2025-08-01T10:05:23.757Z [MONGODB_CONNECTED] Successfully connected to: mongodb://localhost:27017/auditdb
2025-08-01T10:19:40.701Z [MONGODB_CONNECT] Attempting connection to: mongodb://localhost:27017/audit_db
2025-08-01T10:19:40.751Z [MONGODB_CONNECTED] Successfully connected to: mongodb://localhost:27017/audit_db
2025-08-01T10:20:07.403Z [MONGODB_QUERY] Collection: audit_data - Operation: find - Query: {}
2025-08-01T10:20:07.426Z [MONGODB_RESULT] Collection: audit_data - Operation: find - Count: 3
2025-08-01T10:21:33.978Z [MONGODB_QUERY] Collection: audit_data - Operation: find - Query: {}
2025-08-01T10:21:33.987Z [MONGODB_RESULT] Collection: audit_data - Operation: find - Count: 3
2025-08-01T10:22:15.764Z [MONGODB_CONNECT] Attempting connection to: mongodb://localhost:27017/auditdb
2025-08-01T10:22:15.816Z [MONGODB_CONNECTED] Successfully connected to: mongodb://localhost:27017/auditdb
2025-08-01T10:22:19.127Z [MONGODB_QUERY] Collection: audit_data - Operation: find - Query: {}
2025-08-01T10:22:19.161Z [MONGODB_RESULT] Collection: audit_data - Operation: find - Count: 0
2025-08-01T10:24:59.279Z [MONGODB_CONNECT] Attempting connection to: mongodb://localhost:27017/auditdb
2025-08-01T10:24:59.339Z [MONGODB_CONNECTED] Successfully connected to: mongodb://localhost:27017/auditdb
2025-08-01T10:25:03.829Z [MONGODB_QUERY] Collection: actions_audit - Operation: find - Query: {}
2025-08-01T10:25:03.879Z [MONGODB_RESULT] Collection: actions_audit - Operation: find - Count: 238
2025-08-01T10:31:13.212Z [MONGODB_QUERY] Collection: actions_audit - Operation: find - Query: {}
2025-08-01T10:31:13.221Z [MONGODB_RESULT] Collection: actions_audit - Operation: find - Count: 238
2025-08-01T10:31:13.234Z [MONGODB_QUERY] Collection: actions_audit - Operation: find - Query: {}
2025-08-01T10:31:13.251Z [MONGODB_RESULT] Collection: actions_audit - Operation: find - Count: 238
2025-08-01T10:31:43.475Z [MONGODB_QUERY] Collection: actions_audit - Operation: find - Query: {}
2025-08-01T10:31:43.488Z [MONGODB_RESULT] Collection: actions_audit - Operation: find - Count: 238
2025-08-01T10:32:13.465Z [MONGODB_QUERY] Collection: actions_audit - Operation: find - Query: {}
2025-08-01T10:32:13.475Z [MONGODB_RESULT] Collection: actions_audit - Operation: find - Count: 238
2025-08-01T10:32:43.480Z [MONGODB_QUERY] Collection: actions_audit - Operation: find - Query: {}
2025-08-01T10:32:43.488Z [MONGODB_RESULT] Collection: actions_audit - Operation: find - Count: 238
2025-08-01T10:33:13.649Z [MONGODB_QUERY] Collection: actions_audit - Operation: find - Query: {}
2025-08-01T10:33:13.657Z [MONGODB_RESULT] Collection: actions_audit - Operation: find - Count: 238
2025-08-01T10:33:43.686Z [MONGODB_QUERY] Collection: actions_audit - Operation: find - Query: {}
2025-08-01T10:33:43.714Z [MONGODB_RESULT] Collection: actions_audit - Operation: find - Count: 238
2025-08-01T10:34:13.668Z [MONGODB_QUERY] Collection: actions_audit - Operation: find - Query: {}
2025-08-01T10:34:13.678Z [MONGODB_RESULT] Collection: actions_audit - Operation: find - Count: 238
2025-08-01T10:34:43.677Z [MONGODB_QUERY] Collection: actions_audit - Operation: find - Query: {}
2025-08-01T10:34:43.693Z [MONGODB_RESULT] Collection: actions_audit - Operation: find - Count: 238
2025-08-01T10:35:13.683Z [MONGODB_QUERY] Collection: actions_audit - Operation: find - Query: {}
2025-08-01T10:35:13.692Z [MONGODB_RESULT] Collection: actions_audit - Operation: find - Count: 238
2025-08-01T10:35:29.723Z [MONGODB_QUERY] Collection: actions_audit - Operation: find - Query: {}
2025-08-01T10:35:29.737Z [MONGODB_RESULT] Collection: actions_audit - Operation: find - Count: 238
2025-08-01T10:35:43.688Z [MONGODB_QUERY] Collection: actions_audit - Operation: find - Query: {}
2025-08-01T10:35:43.713Z [MONGODB_RESULT] Collection: actions_audit - Operation: find - Count: 238
2025-08-01T10:36:13.703Z [MONGODB_QUERY] Collection: actions_audit - Operation: find - Query: {}
2025-08-01T10:36:13.715Z [MONGODB_RESULT] Collection: actions_audit - Operation: find - Count: 238
2025-08-01T10:36:38.091Z [MONGODB_QUERY] Collection: actions_audit - Operation: find - Query: {}
2025-08-01T10:36:38.099Z [MONGODB_RESULT] Collection: actions_audit - Operation: find - Count: 238
2025-08-01T10:36:43.723Z [MONGODB_QUERY] Collection: actions_audit - Operation: find - Query: {}
2025-08-01T10:36:43.743Z [MONGODB_RESULT] Collection: actions_audit - Operation: find - Count: 238
2025-08-01T10:36:46.990Z [MONGODB_QUERY] Collection: actions_audit - Operation: find - Query: {}
2025-08-01T10:36:46.997Z [MONGODB_RESULT] Collection: actions_audit - Operation: find - Count: 238
2025-08-01T10:37:13.720Z [MONGODB_QUERY] Collection: actions_audit - Operation: find - Query: {}
2025-08-01T10:37:13.730Z [MONGODB_RESULT] Collection: actions_audit - Operation: find - Count: 238
2025-08-01T10:37:43.725Z [MONGODB_QUERY] Collection: actions_audit - Operation: find - Query: {}
2025-08-01T10:37:43.749Z [MONGODB_RESULT] Collection: actions_audit - Operation: find - Count: 238
2025-08-01T10:38:13.731Z [MONGODB_QUERY] Collection: actions_audit - Operation: find - Query: {}
2025-08-01T10:38:13.742Z [MONGODB_RESULT] Collection: actions_audit - Operation: find - Count: 238
2025-08-01T10:38:37.953Z [MONGODB_QUERY] Collection: actions_audit - Operation: find - Query: {}
2025-08-01T10:38:37.991Z [MONGODB_RESULT] Collection: actions_audit - Operation: find - Count: 238
2025-08-01T10:38:43.750Z [MONGODB_QUERY] Collection: actions_audit - Operation: find - Query: {}
2025-08-01T10:38:43.765Z [MONGODB_RESULT] Collection: actions_audit - Operation: find - Count: 238
2025-08-01T10:39:13.744Z [MONGODB_QUERY] Collection: actions_audit - Operation: find - Query: {}
2025-08-01T10:39:13.755Z [MONGODB_RESULT] Collection: actions_audit - Operation: find - Count: 238
2025-08-01T10:39:31.458Z [MONGODB_QUERY] Collection: actions_audit - Operation: find - Query: {}
2025-08-01T10:39:31.466Z [MONGODB_RESULT] Collection: actions_audit - Operation: find - Count: 238
2025-08-01T10:39:43.823Z [MONGODB_QUERY] Collection: actions_audit - Operation: find - Query: {}
2025-08-01T10:39:43.851Z [MONGODB_RESULT] Collection: actions_audit - Operation: find - Count: 238
2025-08-01T10:39:58.676Z [MONGODB_QUERY] Collection: actions_audit - Operation: find - Query: {}
2025-08-01T10:39:58.682Z [MONGODB_RESULT] Collection: actions_audit - Operation: find - Count: 238
2025-08-01T10:40:13.852Z [MONGODB_QUERY] Collection: actions_audit - Operation: find - Query: {}
2025-08-01T10:40:13.870Z [MONGODB_RESULT] Collection: actions_audit - Operation: find - Count: 238
2025-08-01T11:01:20.111Z [MONGODB_QUERY] Collection: actions_audit - Operation: find - Query: {}
2025-08-01T11:01:20.120Z [MONGODB_RESULT] Collection: actions_audit - Operation: find - Count: 238
2025-08-01T11:05:18.069Z [MONGODB_QUERY] Collection: actions_audit - Operation: find - Query: {}
2025-08-01T11:05:18.075Z [MONGODB_RESULT] Collection: actions_audit - Operation: find - Count: 238
2025-08-01T11:06:22.966Z [MONGODB_CONNECT] Attempting connection to: mongodb://localhost:27017/auditdb
2025-08-01T11:06:23.036Z [MONGODB_CONNECTED] Successfully connected to: mongodb://localhost:27017/auditdb
2025-08-01T11:08:13.601Z [MONGODB_CONNECT] Attempting connection to: mongodb://localhost:27017/auditdb
2025-08-01T11:08:13.659Z [MONGODB_CONNECTED] Successfully connected to: mongodb://localhost:27017/auditdb
2025-08-01T11:27:11.954Z [MONGODB_CONNECT] Attempting connection to: mongodb://localhost:27017/auditdb
2025-08-01T11:27:12.090Z [MONGODB_CONNECTED] Successfully connected to: mongodb://localhost:27017/auditdb
2025-08-03T01:18:49.731Z [MONGODB_CONNECT] Attempting connection to: mongodb://localhost:27017/auditdb
2025-08-03T01:18:49.942Z [MONGODB_CONNECTED] Successfully connected to: mongodb://localhost:27017/auditdb
2025-08-03T01:28:22.569Z [MONGODB_QUERY] Collection: actions_audit - Operation: find - Query: {}
2025-08-03T01:28:22.637Z [MONGODB_QUERY] Collection: actions_audit - Operation: find - Query: {}
2025-08-03T01:28:22.824Z [MONGODB_RESULT] Collection: actions_audit - Operation: find - Count: 238
2025-08-03T01:28:22.936Z [MONGODB_RESULT] Collection: actions_audit - Operation: find - Count: 238
2025-08-03T01:28:38.306Z [MONGODB_QUERY] Collection: actions_audit - Operation: find - Query: {}
2025-08-03T01:28:38.318Z [MONGODB_QUERY] Collection: actions_audit - Operation: find - Query: {}
2025-08-03T01:28:38.342Z [MONGODB_RESULT] Collection: actions_audit - Operation: find - Count: 238
2025-08-03T01:28:38.499Z [MONGODB_RESULT] Collection: actions_audit - Operation: find - Count: 238
2025-08-03T01:29:08.316Z [MONGODB_QUERY] Collection: actions_audit - Operation: find - Query: {}
2025-08-03T01:29:08.348Z [MONGODB_RESULT] Collection: actions_audit - Operation: find - Count: 238
